<?xml version="1.0" encoding="UTF-8"?>
<robot generator="Robot 6.1.1 (Python 3.12.0 on win32)" generated="20231209 02:27:40.829" rpa="false" schemaversion="4">
<suite id="s1" name="FirstTest" source="c:\Users\user\Automation\Jenkins\master\FirstTest.robot">
<test id="s1-t1" name="Launch Browser" line="5">
<kw name="Open Browser" library="SeleniumLibrary">
<arg>https://www.google.com/</arg>
<arg>chrome</arg>
<doc>Opens a new browser instance to the optional ``url``.</doc>
<msg timestamp="20231209 02:27:41.395" level="INFO">Opening browser 'chrome' to base url 'https://www.google.com/'.</msg>
<status status="PASS" starttime="20231209 02:27:41.395" endtime="20231209 02:27:47.286"/>
</kw>
<kw name="Sleep" library="BuiltIn">
<arg>3s</arg>
<doc>Pauses the test executed for the given time.</doc>
<msg timestamp="20231209 02:27:50.311" level="INFO">Slept 3 seconds</msg>
<status status="PASS" starttime="20231209 02:27:47.307" endtime="20231209 02:27:50.311"/>
</kw>
<kw name="Close Browser" library="SeleniumLibrary">
<doc>Closes the current browser.</doc>
<status status="PASS" starttime="20231209 02:27:50.327" endtime="20231209 02:27:54.666"/>
</kw>
<status status="PASS" starttime="20231209 02:27:41.380" endtime="20231209 02:27:54.666"/>
</test>
<status status="PASS" starttime="20231209 02:27:40.846" endtime="20231209 02:27:54.666"/>
</suite>
<statistics>
<total>
<stat pass="1" fail="0" skip="0">All Tests</stat>
</total>
<tag>
</tag>
<suite>
<stat pass="1" fail="0" skip="0" id="s1" name="FirstTest">FirstTest</stat>
</suite>
</statistics>
<errors>
</errors>
</robot>
